<?xml version="1.0" encoding="UTF-8"?>
<!-- Generated by org.testng.reporters.JUnitReportReporter -->
<testsuite hostname="Saurabh" failures="0" tests="1" name="com.script.jira.JiraLogin" time="48.597" errors="0" timestamp="2021-08-21T13:29:36 AST" skipped="0">
  <testcase classname="com.script.jira.JiraLogin" name="login" time="48.597"/>
  <system-out/>
</testsuite> <!-- com.script.jira.JiraLogin -->
